
=====================================
إلى: test@example.com
الموضوع: تأكيد البريد الإلكتروني - منصة تعليق البيانات
التاريخ: 2025-11-28 22:08:43
-------------------------------------
مرحباً أحمد محمد,

شكراً لتسجيلك في منصة تعليق البيانات!

يرجى النقر على الرابط التالي لتأكيد بريدك الإلكتروني:

http://localhost/data-annotation-platform/public/verify_email.php?token=caec1d310c1e5d7090eb2fe2b8962f705782341a8ad628854cf0c2050babd55b

هذا الرابط صالح لمدة 24 ساعة.

إذا لم تقم بالتسجيل، يرجى تجاهل هذا البريد.

مع تحيات،
فريق منصة تعليق البيانات
=====================================


=====================================
إلى: test@example.com
الموضوع: استعادة كلمة المرور - منصة تعليق البيانات
التاريخ: 2025-11-28 22:08:43
-------------------------------------
مرحباً فاطمة علي,

تلقينا طلباً لإعادة تعيين كلمة المرور الخاصة بك.

يرجى النقر على الرابط التالي لإعادة تعيين كلمة المرور:

http://localhost/data-annotation-platform/public/reset_password.php?token=0e5157673fffabc954bff9dd4294f95176d018e52c60c4a4ae95e54382d6c5bb

هذا الرابط صالح لمدة ساعة واحدة.

إذا لم تطلب إعادة تعيين كلمة المرور، يرجى تجاهل هذا البريد.

مع تحيات،
فريق منصة تعليق البيانات
=====================================


=====================================
إلى: test@example.com
الموضوع: تأكيد البريد الإلكتروني - منصة تعليق البيانات
التاريخ: 2025-11-28 22:23:12
-------------------------------------
مرحباً Talal,

شكراً لتسجيلك في منصة تعليق البيانات!

يرجى النقر على الرابط التالي لتأكيد بريدك الإلكتروني:

http://localhost/data-annotation-platform/public/verify_email.php?token=9f80c0414d0243ad65e6748524aae863ae58ec5498569b533de72fec6130370f

هذا الرابط صالح لمدة 24 ساعة.

إذا لم تقم بالتسجيل، يرجى تجاهل هذا البريد.

مع تحيات،
فريق منصة تعليق البيانات
=====================================


=====================================
إلى: talalalshareff@gmail.com
الموضوع: تأكيد البريد الإلكتروني - منصة تعليق البيانات
التاريخ: 2025-12-07 13:02:57
-------------------------------------
مرحباً Talal Alsharif,

شكراً لتسجيلك في منصة تعليق البيانات!

يرجى النقر على الرابط التالي لتأكيد بريدك الإلكتروني:

http://localhost/data-annotation-platform/public/verify_email.php?token=f75a25fe6559bbd286daeec375874db1984319294f17e535e694cde293ca84b6

هذا الرابط صالح لمدة 24 ساعة.

إذا لم تقم بالتسجيل، يرجى تجاهل هذا البريد.

مع تحيات،
فريق منصة تعليق البيانات
=====================================


=====================================
إلى: bones@gmail.com
الموضوع: تأكيد البريد الإلكتروني - منصة تعليق البيانات
التاريخ: 2025-12-07 13:36:35
-------------------------------------
مرحباً Ahmed abo khzanha,

شكراً لتسجيلك في منصة تعليق البيانات!

يرجى النقر على الرابط التالي لتأكيد بريدك الإلكتروني:

http://localhost/data-annotation-platform/public/verify_email.php?token=290f96ebdcc91426ea5bd1370f34cb1ee968c90b492a609db4215b8b19937875

هذا الرابط صالح لمدة 24 ساعة.

إذا لم تقم بالتسجيل، يرجى تجاهل هذا البريد.

مع تحيات،
فريق منصة تعليق البيانات
=====================================


=====================================
To: new@gmail.com
Subject: تأكيد البريد الإلكتروني - منصة تعليق البيانات
Date: 2025-12-15 01:06:10
-------------------------------------
مرحباً NEW,

شكراً لتسجيلك في منصة تعليق البيانات.

رابط التحقق:
https://3zna-b6b3na.ct.ws/public/verify_email.php?token=a168e7ed3a7647e60a3882d7252f63d2e6c39b5a23bb36c4755b54d1adbe4ca7

هذا الرابط صالح لمدة 24 ساعة.

مع التحية.

=====================================


=====================================
To: sony360is7x@gmail.com
Subject: تأكيد البريد الإلكتروني - منصة تعليق البيانات
Date: 2025-12-15 01:09:51
-------------------------------------
مرحباً NEWone,

شكراً لتسجيلك في منصة تعليق البيانات.

رابط التحقق:
https://3zna-b6b3na.ct.ws/public/verify_email.php?token=4b8083c614506bb9eea850a36be900356dd2e5fc6b38ca3b719ca86162e8161a

هذا الرابط صالح لمدة 24 ساعة.

مع التحية.

=====================================

